[14:55:10] [main/INFO]: Setting user: Player750
[14:55:11] [Client thread/INFO]: LWJGL Version: 2.9.1
[14:55:16] [Client thread/INFO]: Reloading ResourceManager: Default, FMLFileResourcePack:Forge Mod Loader, FMLFileResourcePack:Minecraft Forge, FMLFileResourcePack:Lets Mod Reboot
[14:55:17] [Sound Library Loader/INFO]: Sound engine started
[14:55:18] [Client thread/INFO]: Created: 512x256 textures/blocks-atlas
[14:55:18] [Client thread/INFO]: Created: 256x256 textures/items-atlas
[14:55:18] [Client thread/INFO]: Reloading ResourceManager: Default, FMLFileResourcePack:Forge Mod Loader, FMLFileResourcePack:Minecraft Forge, FMLFileResourcePack:Lets Mod Reboot
[14:55:18] [Client thread/INFO]: Created: 256x256 textures/items-atlas
[14:55:19] [Client thread/INFO]: Created: 512x256 textures/blocks-atlas
[14:55:19] [Sound Library Loader/INFO]: Sound engine started
[14:55:26] [Server thread/INFO]: Starting integrated minecraft server version 1.7.10
[14:55:26] [Server thread/INFO]: Generating keypair
[14:55:27] [Server thread/INFO]: Preparing start region for level 0
[14:55:27] [Server thread/INFO]: Changing view distance to 12, from 10
[14:55:28] [Server thread/INFO]: Player750[local:E:91db28eb] logged in with entity id 180 at (867.975015455169, 4.0, 712.7099341337939)
[14:55:28] [Server thread/INFO]: Player750 joined the game
[14:55:33] [Server thread/INFO]: Saving and pausing game...
[14:55:33] [Server thread/INFO]: Saving chunks for level 'New World'/Overworld
[14:55:33] [Server thread/INFO]: Saving chunks for level 'New World'/Nether
[14:55:33] [Server thread/INFO]: Saving chunks for level 'New World'/The End
[14:55:56] [Server thread/INFO]: Player750 has just earned the achievement [Taking Inventory]
[14:55:56] [Client thread/INFO]: [CHAT] Player750 has just earned the achievement [Taking Inventory]
[14:56:15] [Server thread/INFO]: Saving and pausing game...
[14:56:15] [Server thread/INFO]: Saving chunks for level 'New World'/Overworld
[14:56:15] [Server thread/INFO]: Saving chunks for level 'New World'/Nether
[14:56:15] [Server thread/INFO]: Saving chunks for level 'New World'/The End
[14:56:56] [Server thread/INFO]: Stopping server
[14:56:56] [Server thread/INFO]: Saving players
[14:56:56] [Server thread/INFO]: Saving worlds
[14:56:56] [Server thread/INFO]: Saving chunks for level 'New World'/Overworld
[14:56:56] [Server thread/INFO]: Saving chunks for level 'New World'/Nether
[14:56:56] [Server thread/INFO]: Saving chunks for level 'New World'/The End
[14:56:56] [Client thread/INFO]: Stopping!
